Copyright 1986-2019 Xilinx, Inc. All Rights Reserved.
----------------------------------------------------------------------------------------------------------------------------------------
| Tool Version     : Vivado v.2019.2 (win64) Build 2708876 Wed Nov  6 21:40:23 MST 2019
| Date             : Tue Mar  2 18:55:20 2021
| Host             : DESKTOP-1NPBEFB running 64-bit major release  (build 9200)
| Command          : report_power -file rvfpga_power_routed.rpt -pb rvfpga_power_summary_routed.pb -rpx rvfpga_power_routed.rpx
| Design           : rvfpga
| Device           : xc7a100tcsg324-1
| Design State     : routed
| Grade            : commercial
| Process          : typical
| Characterization : Production
----------------------------------------------------------------------------------------------------------------------------------------

Power Report

Table of Contents
-----------------
1. Summary
1.1 On-Chip Components
1.2 Power Supply Summary
1.3 Confidence Level
2. Settings
2.1 Environment
2.2 Clock Constraints
3. Detailed Reports
3.1 By Hierarchy

1. Summary
----------

+--------------------------+--------------+
| Total On-Chip Power (W)  | 1.228        |
| Design Power Budget (W)  | Unspecified* |
| Power Budget Margin (W)  | NA           |
| Dynamic (W)              | 1.117        |
| Device Static (W)        | 0.111        |
| Effective TJA (C/W)      | 4.6          |
| Max Ambient (C)          | 79.4         |
| Junction Temperature (C) | 30.6         |
| Confidence Level         | Low          |
| Setting File             | ---          |
| Simulation Activity File | ---          |
| Design Nets Matched      | NA           |
+--------------------------+--------------+
* Specify Design Power Budget using, set_operating_conditions -design_power_budget <value in Watts>


1.1 On-Chip Components
----------------------

+--------------------------+-----------+----------+-----------+-----------------+
| On-Chip                  | Power (W) | Used     | Available | Utilization (%) |
+--------------------------+-----------+----------+-----------+-----------------+
| Clocks                   |     0.051 |       17 |       --- |             --- |
| Slice Logic              |     0.023 |    63394 |       --- |             --- |
|   LUT as Logic           |     0.020 |    34798 |     63400 |           54.89 |
|   LUT as Distributed RAM |    <0.001 |      228 |     19000 |            1.20 |
|   CARRY4                 |    <0.001 |      929 |     15850 |            5.86 |
|   Register               |    <0.001 |    20165 |    126800 |           15.90 |
|   F7/F8 Muxes            |    <0.001 |      650 |     63400 |            1.03 |
|   LUT as Shift Register  |    <0.001 |        3 |     19000 |            0.02 |
|   Others                 |     0.000 |     1348 |       --- |             --- |
| Signals                  |     0.034 |    51469 |       --- |             --- |
| Block RAM                |     0.067 |     44.5 |       135 |           32.96 |
| MMCM                     |     0.122 |        1 |         6 |           16.67 |
| PLL                      |     0.428 |        3 |         6 |           50.00 |
| DSPs                     |    <0.001 |        4 |       240 |            1.67 |
| I/O                      |     0.391 |      124 |       210 |           59.05 |
| Static Power             |     0.111 |          |           |                 |
| Total                    |     1.228 |          |           |                 |
+--------------------------+-----------+----------+-----------+-----------------+


1.2 Power Supply Summary
------------------------

+-----------+-------------+-----------+-------------+------------+
| Source    | Voltage (V) | Total (A) | Dynamic (A) | Static (A) |
+-----------+-------------+-----------+-------------+------------+
| Vccint    |       1.000 |     0.241 |       0.221 |      0.020 |
| Vccaux    |       1.800 |     0.335 |       0.317 |      0.018 |
| Vcco33    |       3.300 |     0.007 |       0.003 |      0.004 |
| Vcco25    |       2.500 |     0.000 |       0.000 |      0.000 |
| Vcco18    |       1.800 |     0.177 |       0.173 |      0.004 |
| Vcco15    |       1.500 |     0.000 |       0.000 |      0.000 |
| Vcco135   |       1.350 |     0.000 |       0.000 |      0.000 |
| Vcco12    |       1.200 |     0.000 |       0.000 |      0.000 |
| Vccaux_io |       1.800 |     0.000 |       0.000 |      0.000 |
| Vccbram   |       1.000 |     0.007 |       0.005 |      0.001 |
| MGTAVcc   |       1.000 |     0.000 |       0.000 |      0.000 |
| MGTAVtt   |       1.200 |     0.000 |       0.000 |      0.000 |
| Vccadc    |       1.800 |     0.020 |       0.000 |      0.020 |
+-----------+-------------+-----------+-------------+------------+


1.3 Confidence Level
--------------------

+-----------------------------+------------+--------------------------------------------------------+------------------------------------------------------------------------------------------------------------+
| User Input Data             | Confidence | Details                                                | Action                                                                                                     |
+-----------------------------+------------+--------------------------------------------------------+------------------------------------------------------------------------------------------------------------+
| Design implementation state | High       | Design is routed                                       |                                                                                                            |
| Clock nodes activity        | High       | User specified more than 95% of clocks                 |                                                                                                            |
| I/O nodes activity          | Low        | More than 75% of inputs are missing user specification | Provide missing input activity with simulation results or by editing the "By Resource Type -> I/Os" view   |
| Internal nodes activity     | Medium     | User specified less than 25% of internal nodes         | Provide missing internal nodes activity with simulation results or by editing the "By Resource Type" views |
| Device models               | High       | Device models are Production                           |                                                                                                            |
|                             |            |                                                        |                                                                                                            |
| Overall confidence level    | Low        |                                                        |                                                                                                            |
+-----------------------------+------------+--------------------------------------------------------+------------------------------------------------------------------------------------------------------------+


2. Settings
-----------

2.1 Environment
---------------

+-----------------------+--------------------------+
| Ambient Temp (C)      | 25.0                     |
| ThetaJA (C/W)         | 4.6                      |
| Airflow (LFM)         | 250                      |
| Heat Sink             | medium (Medium Profile)  |
| ThetaSA (C/W)         | 4.6                      |
| Board Selection       | medium (10"x10")         |
| # of Board Layers     | 12to15 (12 to 15 Layers) |
| Board Temperature (C) | 25.0                     |
+-----------------------+--------------------------+


2.2 Clock Constraints
---------------------

+--------------------+---------------------------------+-----------------+
| Clock              | Domain                          | Constraint (ns) |
+--------------------+---------------------------------+-----------------+
| clk_75_clk_wiz_0   | rojoClk/inst/clk_75_clk_wiz_0   |            13.3 |
| clk_core           | clk_gen/clk_core                |            20.0 |
| clkfb              | clk_gen/clkfb                   |            10.0 |
| clkfbout_clk_wiz_0 | rojoClk/inst/clkfbout_clk_wiz_0 |            40.0 |
| soc_s7pll0_clkout0 | ddr2/ldc/soc_s7pll0_clkout0     |            10.0 |
| soc_s7pll0_clkout1 | ddr2/ldc/soc_s7pll0_clkout1     |             5.0 |
| soc_s7pll0_clkout2 | ddr2/ldc/soc_s7pll0_clkout2     |             5.0 |
| soc_s7pll1_clkout  | ddr2/ldc/soc_s7pll1_clkout      |             5.0 |
| sys_clk_pin        | clk                             |            10.0 |
| sys_clk_pin        | clk_IBUF                        |            10.0 |
| tck_dmi            | tap/dmi_tck                     |           100.0 |
| tck_dtmcs          | tap/dtmcs_reg[0]_0              |           100.0 |
| tck_idcode         | tap/idcode_tck                  |           100.0 |
| vns_pll_fb0        | ddr2/ldc/vns_pll_fb0            |            10.0 |
| vns_pll_fb1        | ddr2/ldc/vns_pll_fb1            |            10.0 |
+--------------------+---------------------------------+-----------------+


3. Detailed Reports
-------------------

3.1 By Hierarchy
----------------

+-------------------------+-----------+
| Name                    | Power (W) |
+-------------------------+-----------+
| rvfpga                  |     1.117 |
|   cdc                   |     0.006 |
|     i_axi_cdc           |     0.006 |
|       i_cdc_fifo_gray_r |     0.004 |
|   clk_gen               |     0.146 |
|   ddr2                  |     0.541 |
|     ldc                 |     0.541 |
|       IOBUF             |     0.007 |
|       IOBUFDS           |     0.005 |
|       IOBUFDS_1         |     0.005 |
|       IOBUF_1           |     0.009 |
|       IOBUF_10          |     0.007 |
|       IOBUF_11          |     0.009 |
|       IOBUF_12          |     0.009 |
|       IOBUF_13          |     0.007 |
|       IOBUF_14          |     0.007 |
|       IOBUF_15          |     0.007 |
|       IOBUF_2           |     0.007 |
|       IOBUF_3           |     0.009 |
|       IOBUF_4           |     0.009 |
|       IOBUF_5           |     0.007 |
|       IOBUF_6           |     0.007 |
|       IOBUF_7           |     0.007 |
|       IOBUF_8           |     0.007 |
|       IOBUF_9           |     0.009 |
|       OBUFDS            |     0.008 |
|       serv_rf_top       |     0.004 |
|   partAmap              |     0.002 |
|   pokerojo              |     0.002 |
|   rojoClk               |     0.122 |
|     inst                |     0.122 |
|   swervolf              |     0.103 |
|     axi2wb              |     0.001 |
|     axi_intercon        |     0.004 |
|       axi_xbar          |     0.004 |
|     bootrom             |     0.003 |
|       ram               |     0.003 |
|     rojo_module         |     0.001 |
|     swerv_eh1           |     0.088 |
|       mem               |     0.046 |
|       swerv             |     0.043 |
|     syscon              |     0.001 |
|   tiffanisBot           |     0.007 |
|     inst                |     0.007 |
|       BOTCPU            |     0.003 |
|       BOTREGIF          |     0.004 |
+-------------------------+-----------+


